<?xml version="1.0" encoding="UTF-8"?>
<!-- Generated by org.testng.reporters.JUnitReportReporter -->
<testsuite skipped="0" hostname="DESKTOP-Q9LDSBS" name="TestNg.DataProvider" tests="1" failures="0" timestamp="28 Apr 2021 02:13:51 GMT" time="16.299" errors="0">
  <testcase name="openbrowser" time="16.299" classname="TestNg.DataProvider"/>
</testsuite> <!-- TestNg.DataProvider -->
