<?xml version="1.0" encoding="UTF-8"?>
<!-- Generated by org.testng.reporters.JUnitReportReporter -->
<testsuite skipped="0" hostname="DESKTOP-Q9LDSBS" name="TestNg.TestNG_Practice" tests="2" failures="0" timestamp="12 May 2021 17:34:12 GMT" time="61.037" errors="0">
  <testcase name="browser" time="11.644" classname="TestNg.TestNG_Practice"/>
  <testcase name="closeBrowser" time="49.393" classname="TestNg.TestNG_Practice"/>
</testsuite> <!-- TestNg.TestNG_Practice -->
