<?xml version="1.0" encoding="UTF-8"?>
<!-- Generated by org.testng.reporters.JUnitReportReporter -->
<testsuite skipped="0" hostname="DESKTOP-Q9LDSBS" name="TestNg.data_provider" tests="2" failures="0" timestamp="28 Apr 2021 06:57:59 GMT" time="0.411" errors="0">
  <testcase name="search" time="0.244" classname="TestNg.data_provider"/>
  <testcase name="search" time="0.167" classname="TestNg.data_provider"/>
</testsuite> <!-- TestNg.data_provider -->
