<?xml version="1.0" encoding="UTF-8"?>
<!-- Generated by org.testng.reporters.JUnitReportReporter -->
<testsuite skipped="0" hostname="DESKTOP-Q9LDSBS" name="TestNg.TestNG_Parallel" tests="2" failures="0" timestamp="12 May 2021 18:20:25 GMT" time="61.066" errors="0">
  <testcase name="firefoxbrowser" time="46.136" classname="TestNg.TestNG_Parallel"/>
  <testcase name="chromebrowser" time="14.930" classname="TestNg.TestNG_Parallel"/>
</testsuite> <!-- TestNg.TestNG_Parallel -->
